<?xml version="1.0" encoding="UTF-8"?>
<!-- Generated by org.testng.reporters.JUnitXMLReporter -->
<testsuite ignored="0" hostname="Harsahej" failures="1" tests="5" name="cart" time="12.489" errors="0" timestamp="2023-05-06T16:34:55 IST">
  <testcase classname="GreenKart.Test.cart" name="itemCheck" time="1.48"/>
  <testcase classname="GreenKart.Test.cart" name="amountCheck" time="0.666"/>
  <testcase classname="GreenKart.Test.cart" name="countCheck" time="0.29"/>
  <testcase classname="GreenKart.Test.cart" name="AddToCartLabelCheck" time="1.201"/>
  <testcase classname="GreenKart.Test.cart" name="refershCheck" time="5.241">
    <failure type="java.lang.AssertionError" message="expected [true] but found [false]">
      <![CDATA[java.lang.AssertionError: expected [true] but found [false]
at GreenKart.Test.cart.refershCheck(cart.java:42)
at java.base/java.util.ArrayList.forEach(ArrayList.java:1511)
... Removed 31 stack frames]]>
    </failure>
  </testcase> <!-- refershCheck -->
</testsuite> <!-- cart -->
