<?xml version="1.0" encoding="UTF-8"?>
<!-- Generated by org.testng.reporters.JUnitXMLReporter -->
<testsuite ignored="0" hostname="Harsahej" failures="0" tests="3" name="Header" time="6.379" errors="0" timestamp="2023-05-06T16:35:01 IST">
  <testcase classname="GreenKart.Test.HeaderTest" name="LogoCheck" time="0.073"/>
  <testcase classname="GreenKart.Test.HeaderTest" name="headerLink" time="2.428"/>
  <testcase classname="GreenKart.Test.HeaderTest" name="textBox" time="0.922"/>
</testsuite> <!-- Header -->
