<?xml version="1.0" encoding="UTF-8"?>
<!-- Generated by org.testng.reporters.JUnitXMLReporter -->
<testsuite ignored="2" hostname="Harsahej" failures="1" tests="5" name="Regression" time="4.071" errors="0" timestamp="2023-05-06T14:06:43 IST">
  <testcase classname="GreenKart.Test.HeaderTest" name="LogoCheck" time="0.088"/>
  <testcase classname="GreenKart.Test.HeaderTest" name="textBox" time="0.326"/>
  <testcase classname="GreenKart.Test.ErrorValidiationTest" name="searchBox" time="0.002">
    <failure type="java.lang.NullPointerException" message="Cannot invoke &amp;quot;GreenKart.PageObjects.HomePage.search(String)&amp;quot; because &amp;quot;this.homepage&amp;quot; is null">
      <![CDATA[java.lang.NullPointerException: Cannot invoke "GreenKart.PageObjects.HomePage.search(String)" because "this.homepage" is null
at GreenKart.Test.ErrorValidiationTest.searchBox(ErrorValidiationTest.java:15)
at java.base/java.util.ArrayList.forEach(ArrayList.java:1511)
... Removed 27 stack frames]]>
    </failure>
  </testcase> <!-- searchBox -->
  <testcase classname="GreenKart.Test.ErrorValidiationTest" name="headerLink" time="0.0">
    <skipped/>
  </testcase> <!-- headerLink -->
  <testcase classname="GreenKart.Test.ErrorValidiationTest" name="checkoutButton" time="0.0">
    <skipped/>
  </testcase> <!-- checkoutButton -->
  <testcase classname="GreenKart.TestComponents.BaseTest" name="@BeforeTest launchApplication" time="0.0">
    <ignored/>
  </testcase> <!-- @BeforeTest launchApplication -->
  <testcase classname="GreenKart.TestComponents.BaseTest" name="@AfterTest terminate" time="0.0">
    <ignored/>
  </testcase> <!-- @AfterTest terminate -->
</testsuite> <!-- Regression -->
