<?xml version="1.0" encoding="UTF-8"?>
<!-- Generated by org.testng.reporters.JUnitXMLReporter -->
<testsuite ignored="3" hostname="Harsahej" failures="0" tests="4" name="Default test" time="9.412" errors="0" timestamp="2023-05-10T17:42:34 IST">
  <testcase classname="GreenKart.Test.cart" name="itemCheck" time="1.462"/>
  <testcase classname="GreenKart.Test.cart" name="itemCheck" time="1.104"/>
  <testcase classname="GreenKart.Test.cart" name="countCheck" time="0.571"/>
  <testcase classname="GreenKart.Test.cart" name="countCheck" time="0.782"/>
  <testcase classname="GreenKart.Test.cart" name="refershCheck" time="0.0">
    <ignored/>
  </testcase> <!-- refershCheck -->
  <testcase classname="GreenKart.Test.cart" name="amountCheck" time="0.0">
    <ignored/>
  </testcase> <!-- amountCheck -->
  <testcase classname="GreenKart.Test.cart" name="AddToCartLabelCheck" time="0.0">
    <ignored/>
  </testcase> <!-- AddToCartLabelCheck -->
</testsuite> <!-- Default test -->
