<?xml version="1.0" encoding="UTF-8"?>
<!-- Generated by org.testng.reporters.JUnitXMLReporter -->
<testsuite ignored="0" hostname="Harsahej" failures="2" tests="10" name="cart" time="25.78" errors="0" timestamp="2023-05-10T21:28:00 IST">
  <testcase classname="GreenKart.Test.cart" name="itemCheck" time="0.724"/>
  <testcase classname="GreenKart.Test.cart" name="itemCheck" time="0.552"/>
  <testcase classname="GreenKart.Test.cart" name="amountCheck" time="0.615"/>
  <testcase classname="GreenKart.Test.cart" name="amountCheck" time="1.091"/>
  <testcase classname="GreenKart.Test.cart" name="countCheck" time="0.539"/>
  <testcase classname="GreenKart.Test.cart" name="countCheck" time="0.916"/>
  <testcase classname="GreenKart.Test.cart" name="AddToCartLabelCheck" time="1.773"/>
  <testcase classname="GreenKart.Test.cart" name="AddToCartLabelCheck" time="1.114"/>
  <testcase classname="GreenKart.Test.cart" name="refershCheck" time="5.195">
    <failure type="java.lang.AssertionError" message="expected [true] but found [false]">
      <![CDATA[java.lang.AssertionError: expected [true] but found [false]
at GreenKart.Test.cart.refershCheck(cart.java:55)
at java.base/java.util.ArrayList.forEach(ArrayList.java:1511)
... Removed 35 stack frames]]>
    </failure>
  </testcase> <!-- refershCheck -->
  <testcase classname="GreenKart.Test.cart" name="refershCheck" time="5.249">
    <failure type="java.lang.AssertionError" message="expected [true] but found [false]">
      <![CDATA[java.lang.AssertionError: expected [true] but found [false]
at GreenKart.Test.cart.refershCheck(cart.java:55)
at java.base/java.util.ArrayList.forEach(ArrayList.java:1511)
... Removed 35 stack frames]]>
    </failure>
  </testcase> <!-- refershCheck -->
</testsuite> <!-- cart -->
