<?xml version="1.0" encoding="UTF-8"?>
<!-- Generated by org.testng.reporters.JUnitXMLReporter -->
<testsuite ignored="0" hostname="Harsahej" failures="1" tests="5" name="cart" time="21.856" errors="0" timestamp="2023-05-10T17:12:43 IST">
  <testcase classname="GreenKart.Test.cart" name="itemCheck" time="1.355"/>
  <testcase classname="GreenKart.Test.cart" name="amountCheck" time="0.243"/>
  <testcase classname="GreenKart.Test.cart" name="countCheck" time="0.077"/>
  <testcase classname="GreenKart.Test.cart" name="AddToCartLabelCheck" time="1.902"/>
  <testcase classname="GreenKart.Test.cart" name="refershCheck" time="6.244">
    <failure type="java.lang.AssertionError" message="expected [true] but found [false]">
      <![CDATA[java.lang.AssertionError: expected [true] but found [false]
at GreenKart.Test.cart.refershCheck(cart.java:42)
at java.base/java.util.ArrayList.forEach(ArrayList.java:1511)
... Removed 35 stack frames]]>
    </failure>
  </testcase> <!-- refershCheck -->
</testsuite> <!-- cart -->
