<?xml version="1.0" encoding="UTF-8"?>
<!-- Generated by org.testng.reporters.JUnitXMLReporter -->
<testsuite ignored="0" hostname="Harsahej" failures="1" tests="3" name="Header" time="9.695" errors="0" timestamp="2023-05-10T17:12:53 IST">
  <testcase classname="GreenKart.Test.HeaderTest" name="LogoCheck" time="0.097"/>
  <testcase classname="GreenKart.Test.HeaderTest" name="headerLink" time="0.383">
    <failure type="java.lang.AssertionError" message="expected [true] but found [false]">
      <![CDATA[java.lang.AssertionError: expected [true] but found [false]
at GreenKart.Test.HeaderTest.headerLink(HeaderTest.java:33)
at java.base/java.util.ArrayList.forEach(ArrayList.java:1511)
... Removed 35 stack frames]]>
    </failure>
  </testcase> <!-- headerLink -->
  <testcase classname="GreenKart.Test.HeaderTest" name="textBox" time="0.626"/>
</testsuite> <!-- Header -->
