<?xml version="1.0" encoding="UTF-8"?>
<!-- Generated by org.testng.reporters.JUnitXMLReporter -->
<testsuite ignored="0" hostname="Harsahej" failures="0" tests="3" name="Header" time="4.744" errors="0" timestamp="2023-05-10T21:28:05 IST">
  <testcase classname="GreenKart.Test.HeaderTest" name="LogoCheck" time="0.071"/>
  <testcase classname="GreenKart.Test.HeaderTest" name="headerLink" time="1.879"/>
  <testcase classname="GreenKart.Test.HeaderTest" name="textBox" time="0.798"/>
</testsuite> <!-- Header -->
