<?xml version="1.0" encoding="UTF-8"?>
<testng-results ignored="0" total="15" passed="12" failed="3" skipped="0">
  <reporter-output>
  </reporter-output>
  <suite started-at="2023-05-10T21:27:34 IST" name="GreenKart" finished-at="2023-05-10T21:28:09 IST" duration-ms="34928">
    <groups>
    </groups>
    <test started-at="2023-05-10T21:27:34 IST" name="cart" finished-at="2023-05-10T21:28:00 IST" duration-ms="25780">
      <class name="GreenKart.Test.cart">
        <test-method is-config="true" signature="launchApplication()[pri:0, instance:GreenKart.Test.cart@59402b8f]" started-at="2023-05-10T21:27:34 IST" name="launchApplication" finished-at="2023-05-10T21:27:41 IST" duration-ms="7294" status="PASS">
          <reporter-output>
          </reporter-output>
        </test-method> <!-- launchApplication -->
        <test-method signature="itemCheck([Ljava.lang.String;)[pri:0, instance:GreenKart.Test.cart@59402b8f]" started-at="2023-05-10T21:27:41 IST" name="itemCheck" data-provider="getData" finished-at="2023-05-10T21:27:42 IST" duration-ms="724" status="PASS">
          <params>
            <param index="0">
              <value>
                <![CDATA[[Ljava.lang.String;@21f8e55f]]>
              </value>
            </param>
          </params>
          <reporter-output>
          </reporter-output>
        </test-method> <!-- itemCheck -->
        <test-method signature="itemCheck([Ljava.lang.String;)[pri:0, instance:GreenKart.Test.cart@59402b8f]" started-at="2023-05-10T21:27:42 IST" name="itemCheck" data-provider="getData" finished-at="2023-05-10T21:27:43 IST" duration-ms="552" status="PASS">
          <params>
            <param index="0">
              <value>
                <![CDATA[[Ljava.lang.String;@7e00ed0f]]>
              </value>
            </param>
          </params>
          <reporter-output>
          </reporter-output>
        </test-method> <!-- itemCheck -->
        <test-method signature="amountCheck([Ljava.lang.String;)[pri:0, instance:GreenKart.Test.cart@59402b8f]" started-at="2023-05-10T21:27:43 IST" name="amountCheck" data-provider="getData" finished-at="2023-05-10T21:27:43 IST" depends-on-methods="GreenKart.Test.cart.itemCheck" duration-ms="615" status="PASS">
          <params>
            <param index="0">
              <value>
                <![CDATA[[Ljava.lang.String;@a0db585]]>
              </value>
            </param>
          </params>
          <reporter-output>
          </reporter-output>
        </test-method> <!-- amountCheck -->
        <test-method signature="amountCheck([Ljava.lang.String;)[pri:0, instance:GreenKart.Test.cart@59402b8f]" started-at="2023-05-10T21:27:43 IST" name="amountCheck" data-provider="getData" finished-at="2023-05-10T21:27:44 IST" depends-on-methods="GreenKart.Test.cart.itemCheck" duration-ms="1091" status="PASS">
          <params>
            <param index="0">
              <value>
                <![CDATA[[Ljava.lang.String;@4dba773d]]>
              </value>
            </param>
          </params>
          <reporter-output>
          </reporter-output>
        </test-method> <!-- amountCheck -->
        <test-method signature="countCheck([Ljava.lang.String;)[pri:0, instance:GreenKart.Test.cart@59402b8f]" started-at="2023-05-10T21:27:44 IST" name="countCheck" data-provider="getData" finished-at="2023-05-10T21:27:45 IST" depends-on-methods="GreenKart.Test.cart.itemCheck" duration-ms="539" status="PASS">
          <params>
            <param index="0">
              <value>
                <![CDATA[[Ljava.lang.String;@58a2b917]]>
              </value>
            </param>
          </params>
          <reporter-output>
          </reporter-output>
        </test-method> <!-- countCheck -->
        <test-method signature="countCheck([Ljava.lang.String;)[pri:0, instance:GreenKart.Test.cart@59402b8f]" started-at="2023-05-10T21:27:45 IST" name="countCheck" data-provider="getData" finished-at="2023-05-10T21:27:46 IST" depends-on-methods="GreenKart.Test.cart.itemCheck" duration-ms="916" status="PASS">
          <params>
            <param index="0">
              <value>
                <![CDATA[[Ljava.lang.String;@66933239]]>
              </value>
            </param>
          </params>
          <reporter-output>
          </reporter-output>
        </test-method> <!-- countCheck -->
        <test-method signature="AddToCartLabelCheck([Ljava.lang.String;)[pri:0, instance:GreenKart.Test.cart@59402b8f]" started-at="2023-05-10T21:27:46 IST" name="AddToCartLabelCheck" data-provider="getData" finished-at="2023-05-10T21:27:47 IST" depends-on-methods="GreenKart.Test.cart.amountCheck" duration-ms="1773" status="PASS">
          <params>
            <param index="0">
              <value>
                <![CDATA[[Ljava.lang.String;@69cd1085]]>
              </value>
            </param>
          </params>
          <reporter-output>
          </reporter-output>
        </test-method> <!-- AddToCartLabelCheck -->
        <test-method signature="AddToCartLabelCheck([Ljava.lang.String;)[pri:0, instance:GreenKart.Test.cart@59402b8f]" started-at="2023-05-10T21:27:47 IST" name="AddToCartLabelCheck" data-provider="getData" finished-at="2023-05-10T21:27:49 IST" depends-on-methods="GreenKart.Test.cart.amountCheck" duration-ms="1114" status="PASS">
          <params>
            <param index="0">
              <value>
                <![CDATA[[Ljava.lang.String;@343fddd9]]>
              </value>
            </param>
          </params>
          <reporter-output>
          </reporter-output>
        </test-method> <!-- AddToCartLabelCheck -->
        <test-method signature="refershCheck([Ljava.lang.String;)[pri:0, instance:GreenKart.Test.cart@59402b8f]" started-at="2023-05-10T21:27:49 IST" name="refershCheck" data-provider="getData" finished-at="2023-05-10T21:27:54 IST" depends-on-methods="GreenKart.Test.cart.AddToCartLabelCheck" duration-ms="5195" status="FAIL">
          <params>
            <param index="0">
              <value>
                <![CDATA[[Ljava.lang.String;@6f347d7]]>
              </value>
            </param>
          </params>
          <exception class="java.lang.AssertionError">
            <message>
              <![CDATA[expected [true] but found [false]]]>
            </message>
            <full-stacktrace>
              <![CDATA[java.lang.AssertionError: expected [true] but found [false]
at org.testng.Assert.fail(Assert.java:110)
at org.testng.Assert.failNotEquals(Assert.java:1577)
at org.testng.Assert.assertTrue(Assert.java:56)
at org.testng.Assert.assertTrue(Assert.java:66)
at GreenKart.Test.cart.refershCheck(cart.java:55)
at java.base/jdk.internal.reflect.NativeMethodAccessorImpl.invoke0(Native Method)
at java.base/jdk.internal.reflect.NativeMethodAccessorImpl.invoke(NativeMethodAccessorImpl.java:77)
at java.base/jdk.internal.reflect.DelegatingMethodAccessorImpl.invoke(DelegatingMethodAccessorImpl.java:43)
at java.base/java.lang.reflect.Method.invoke(Method.java:568)
at org.testng.internal.invokers.MethodInvocationHelper.invokeMethod(MethodInvocationHelper.java:139)
at org.testng.internal.invokers.TestInvoker.invokeMethod(TestInvoker.java:677)
at org.testng.internal.invokers.TestInvoker.invokeTestMethod(TestInvoker.java:221)
at org.testng.internal.invokers.MethodRunner.runInSequence(MethodRunner.java:50)
at org.testng.internal.invokers.TestInvoker$MethodInvocationAgent.invoke(TestInvoker.java:969)
at org.testng.internal.invokers.TestInvoker.invokeTestMethods(TestInvoker.java:194)
at org.testng.internal.invokers.TestMethodWorker.invokeTestMethods(TestMethodWorker.java:148)
at org.testng.internal.invokers.TestMethodWorker.run(TestMethodWorker.java:128)
at java.base/java.util.ArrayList.forEach(ArrayList.java:1511)
at org.testng.TestRunner.privateRun(TestRunner.java:829)
at org.testng.TestRunner.run(TestRunner.java:602)
at org.testng.SuiteRunner.runTest(SuiteRunner.java:437)
at org.testng.SuiteRunner.runSequentially(SuiteRunner.java:431)
at org.testng.SuiteRunner.privateRun(SuiteRunner.java:391)
at org.testng.SuiteRunner.run(SuiteRunner.java:330)
at org.testng.SuiteRunnerWorker.runSuite(SuiteRunnerWorker.java:52)
at org.testng.SuiteRunnerWorker.run(SuiteRunnerWorker.java:95)
at org.testng.TestNG.runSuitesSequentially(TestNG.java:1256)
at org.testng.TestNG.runSuitesLocally(TestNG.java:1176)
at org.testng.TestNG.runSuites(TestNG.java:1099)
at org.testng.TestNG.run(TestNG.java:1067)
at org.apache.maven.surefire.testng.TestNGExecutor.run(TestNGExecutor.java:308)
at org.apache.maven.surefire.testng.TestNGXmlTestSuite.execute(TestNGXmlTestSuite.java:71)
at org.apache.maven.surefire.testng.TestNGProvider.invoke(TestNGProvider.java:113)
at org.apache.maven.surefire.booter.ForkedBooter.runSuitesInProcess(ForkedBooter.java:385)
at org.apache.maven.surefire.booter.ForkedBooter.execute(ForkedBooter.java:162)
at org.apache.maven.surefire.booter.ForkedBooter.run(ForkedBooter.java:507)
at org.apache.maven.surefire.booter.ForkedBooter.main(ForkedBooter.java:495)
]]>
            </full-stacktrace>
          </exception> <!-- java.lang.AssertionError -->
          <reporter-output>
          </reporter-output>
        </test-method> <!-- refershCheck -->
        <test-method signature="refershCheck([Ljava.lang.String;)[pri:0, instance:GreenKart.Test.cart@59402b8f]" started-at="2023-05-10T21:27:54 IST" name="refershCheck" data-provider="getData" finished-at="2023-05-10T21:27:59 IST" depends-on-methods="GreenKart.Test.cart.AddToCartLabelCheck" duration-ms="5249" status="FAIL">
          <params>
            <param index="0">
              <value>
                <![CDATA[[Ljava.lang.String;@1e3df614]]>
              </value>
            </param>
          </params>
          <exception class="java.lang.AssertionError">
            <message>
              <![CDATA[expected [true] but found [false]]]>
            </message>
            <full-stacktrace>
              <![CDATA[java.lang.AssertionError: expected [true] but found [false]
at org.testng.Assert.fail(Assert.java:110)
at org.testng.Assert.failNotEquals(Assert.java:1577)
at org.testng.Assert.assertTrue(Assert.java:56)
at org.testng.Assert.assertTrue(Assert.java:66)
at GreenKart.Test.cart.refershCheck(cart.java:55)
at java.base/jdk.internal.reflect.NativeMethodAccessorImpl.invoke0(Native Method)
at java.base/jdk.internal.reflect.NativeMethodAccessorImpl.invoke(NativeMethodAccessorImpl.java:77)
at java.base/jdk.internal.reflect.DelegatingMethodAccessorImpl.invoke(DelegatingMethodAccessorImpl.java:43)
at java.base/java.lang.reflect.Method.invoke(Method.java:568)
at org.testng.internal.invokers.MethodInvocationHelper.invokeMethod(MethodInvocationHelper.java:139)
at org.testng.internal.invokers.TestInvoker.invokeMethod(TestInvoker.java:677)
at org.testng.internal.invokers.TestInvoker.invokeTestMethod(TestInvoker.java:221)
at org.testng.internal.invokers.MethodRunner.runInSequence(MethodRunner.java:50)
at org.testng.internal.invokers.TestInvoker$MethodInvocationAgent.invoke(TestInvoker.java:969)
at org.testng.internal.invokers.TestInvoker.invokeTestMethods(TestInvoker.java:194)
at org.testng.internal.invokers.TestMethodWorker.invokeTestMethods(TestMethodWorker.java:148)
at org.testng.internal.invokers.TestMethodWorker.run(TestMethodWorker.java:128)
at java.base/java.util.ArrayList.forEach(ArrayList.java:1511)
at org.testng.TestRunner.privateRun(TestRunner.java:829)
at org.testng.TestRunner.run(TestRunner.java:602)
at org.testng.SuiteRunner.runTest(SuiteRunner.java:437)
at org.testng.SuiteRunner.runSequentially(SuiteRunner.java:431)
at org.testng.SuiteRunner.privateRun(SuiteRunner.java:391)
at org.testng.SuiteRunner.run(SuiteRunner.java:330)
at org.testng.SuiteRunnerWorker.runSuite(SuiteRunnerWorker.java:52)
at org.testng.SuiteRunnerWorker.run(SuiteRunnerWorker.java:95)
at org.testng.TestNG.runSuitesSequentially(TestNG.java:1256)
at org.testng.TestNG.runSuitesLocally(TestNG.java:1176)
at org.testng.TestNG.runSuites(TestNG.java:1099)
at org.testng.TestNG.run(TestNG.java:1067)
at org.apache.maven.surefire.testng.TestNGExecutor.run(TestNGExecutor.java:308)
at org.apache.maven.surefire.testng.TestNGXmlTestSuite.execute(TestNGXmlTestSuite.java:71)
at org.apache.maven.surefire.testng.TestNGProvider.invoke(TestNGProvider.java:113)
at org.apache.maven.surefire.booter.ForkedBooter.runSuitesInProcess(ForkedBooter.java:385)
at org.apache.maven.surefire.booter.ForkedBooter.execute(ForkedBooter.java:162)
at org.apache.maven.surefire.booter.ForkedBooter.run(ForkedBooter.java:507)
at org.apache.maven.surefire.booter.ForkedBooter.main(ForkedBooter.java:495)
]]>
            </full-stacktrace>
          </exception> <!-- java.lang.AssertionError -->
          <reporter-output>
          </reporter-output>
        </test-method> <!-- refershCheck -->
        <test-method is-config="true" signature="terminate()[pri:0, instance:GreenKart.Test.cart@59402b8f]" started-at="2023-05-10T21:28:00 IST" name="terminate" finished-at="2023-05-10T21:28:00 IST" duration-ms="23" status="PASS">
          <reporter-output>
          </reporter-output>
        </test-method> <!-- terminate -->
      </class> <!-- GreenKart.Test.cart -->
    </test> <!-- cart -->
    <test started-at="2023-05-10T21:28:00 IST" name="Header" finished-at="2023-05-10T21:28:05 IST" duration-ms="4744">
      <class name="GreenKart.Test.HeaderTest">
        <test-method is-config="true" signature="launchApplication()[pri:0, instance:GreenKart.Test.HeaderTest@5c7933ad]" started-at="2023-05-10T21:28:00 IST" name="launchApplication" finished-at="2023-05-10T21:28:02 IST" duration-ms="1959" status="PASS">
          <reporter-output>
          </reporter-output>
        </test-method> <!-- launchApplication -->
        <test-method signature="LogoCheck()[pri:0, instance:GreenKart.Test.HeaderTest@5c7933ad]" started-at="2023-05-10T21:28:02 IST" name="LogoCheck" finished-at="2023-05-10T21:28:02 IST" duration-ms="71" status="PASS">
          <reporter-output>
          </reporter-output>
        </test-method> <!-- LogoCheck -->
        <test-method signature="headerLink()[pri:0, instance:GreenKart.Test.HeaderTest@5c7933ad]" started-at="2023-05-10T21:28:02 IST" name="headerLink" finished-at="2023-05-10T21:28:04 IST" duration-ms="1879" status="PASS">
          <reporter-output>
          </reporter-output>
        </test-method> <!-- headerLink -->
        <test-method signature="textBox()[pri:0, instance:GreenKart.Test.HeaderTest@5c7933ad]" started-at="2023-05-10T21:28:04 IST" name="textBox" finished-at="2023-05-10T21:28:05 IST" duration-ms="798" status="PASS">
          <reporter-output>
          </reporter-output>
        </test-method> <!-- textBox -->
        <test-method is-config="true" signature="terminate()[pri:0, instance:GreenKart.Test.HeaderTest@5c7933ad]" started-at="2023-05-10T21:28:05 IST" name="terminate" finished-at="2023-05-10T21:28:05 IST" duration-ms="32" status="PASS">
          <reporter-output>
          </reporter-output>
        </test-method> <!-- terminate -->
      </class> <!-- GreenKart.Test.HeaderTest -->
    </test> <!-- Header -->
    <test started-at="2023-05-10T21:28:05 IST" name="Error" finished-at="2023-05-10T21:28:09 IST" duration-ms="3934">
      <class name="GreenKart.Test.ErrorValidiationTest">
        <test-method is-config="true" signature="launchApplication()[pri:0, instance:GreenKart.Test.ErrorValidiationTest@d554c5f]" started-at="2023-05-10T21:28:05 IST" name="launchApplication" finished-at="2023-05-10T21:28:07 IST" duration-ms="2448" status="PASS">
          <reporter-output>
          </reporter-output>
        </test-method> <!-- launchApplication -->
        <test-method signature="searchBox()[pri:0, instance:GreenKart.Test.ErrorValidiationTest@d554c5f]" started-at="2023-05-10T21:28:07 IST" name="searchBox" finished-at="2023-05-10T21:28:08 IST" duration-ms="331" status="PASS">
          <reporter-output>
          </reporter-output>
        </test-method> <!-- searchBox -->
        <test-method signature="checkoutButton()[pri:0, instance:GreenKart.Test.ErrorValidiationTest@d554c5f]" started-at="2023-05-10T21:28:08 IST" name="checkoutButton" finished-at="2023-05-10T21:28:08 IST" depends-on-methods="GreenKart.Test.ErrorValidiationTest.searchBox" duration-ms="753" status="FAIL">
          <exception class="java.lang.AssertionError">
            <message>
              <![CDATA[expected [true] but found [false]]]>
            </message>
            <full-stacktrace>
              <![CDATA[java.lang.AssertionError: expected [true] but found [false]
at org.testng.Assert.fail(Assert.java:110)
at org.testng.Assert.failNotEquals(Assert.java:1577)
at org.testng.Assert.assertTrue(Assert.java:56)
at org.testng.Assert.assertTrue(Assert.java:66)
at GreenKart.Test.ErrorValidiationTest.checkoutButton(ErrorValidiationTest.java:34)
at java.base/jdk.internal.reflect.NativeMethodAccessorImpl.invoke0(Native Method)
at java.base/jdk.internal.reflect.NativeMethodAccessorImpl.invoke(NativeMethodAccessorImpl.java:77)
at java.base/jdk.internal.reflect.DelegatingMethodAccessorImpl.invoke(DelegatingMethodAccessorImpl.java:43)
at java.base/java.lang.reflect.Method.invoke(Method.java:568)
at org.testng.internal.invokers.MethodInvocationHelper.invokeMethod(MethodInvocationHelper.java:139)
at org.testng.internal.invokers.TestInvoker.invokeMethod(TestInvoker.java:677)
at org.testng.internal.invokers.TestInvoker.invokeTestMethod(TestInvoker.java:221)
at org.testng.internal.invokers.MethodRunner.runInSequence(MethodRunner.java:50)
at org.testng.internal.invokers.TestInvoker$MethodInvocationAgent.invoke(TestInvoker.java:969)
at org.testng.internal.invokers.TestInvoker.invokeTestMethods(TestInvoker.java:194)
at org.testng.internal.invokers.TestMethodWorker.invokeTestMethods(TestMethodWorker.java:148)
at org.testng.internal.invokers.TestMethodWorker.run(TestMethodWorker.java:128)
at java.base/java.util.ArrayList.forEach(ArrayList.java:1511)
at org.testng.TestRunner.privateRun(TestRunner.java:829)
at org.testng.TestRunner.run(TestRunner.java:602)
at org.testng.SuiteRunner.runTest(SuiteRunner.java:437)
at org.testng.SuiteRunner.runSequentially(SuiteRunner.java:431)
at org.testng.SuiteRunner.privateRun(SuiteRunner.java:391)
at org.testng.SuiteRunner.run(SuiteRunner.java:330)
at org.testng.SuiteRunnerWorker.runSuite(SuiteRunnerWorker.java:52)
at org.testng.SuiteRunnerWorker.run(SuiteRunnerWorker.java:95)
at org.testng.TestNG.runSuitesSequentially(TestNG.java:1256)
at org.testng.TestNG.runSuitesLocally(TestNG.java:1176)
at org.testng.TestNG.runSuites(TestNG.java:1099)
at org.testng.TestNG.run(TestNG.java:1067)
at org.apache.maven.surefire.testng.TestNGExecutor.run(TestNGExecutor.java:308)
at org.apache.maven.surefire.testng.TestNGXmlTestSuite.execute(TestNGXmlTestSuite.java:71)
at org.apache.maven.surefire.testng.TestNGProvider.invoke(TestNGProvider.java:113)
at org.apache.maven.surefire.booter.ForkedBooter.runSuitesInProcess(ForkedBooter.java:385)
at org.apache.maven.surefire.booter.ForkedBooter.execute(ForkedBooter.java:162)
at org.apache.maven.surefire.booter.ForkedBooter.run(ForkedBooter.java:507)
at org.apache.maven.surefire.booter.ForkedBooter.main(ForkedBooter.java:495)
]]>
            </full-stacktrace>
          </exception> <!-- java.lang.AssertionError -->
          <reporter-output>
          </reporter-output>
        </test-method> <!-- checkoutButton -->
        <test-method is-config="true" signature="terminate()[pri:0, instance:GreenKart.Test.ErrorValidiationTest@d554c5f]" started-at="2023-05-10T21:28:09 IST" name="terminate" finished-at="2023-05-10T21:28:09 IST" duration-ms="40" status="PASS">
          <reporter-output>
          </reporter-output>
        </test-method> <!-- terminate -->
      </class> <!-- GreenKart.Test.ErrorValidiationTest -->
    </test> <!-- Error -->
  </suite> <!-- GreenKart -->
</testng-results>
