<?xml version="1.0" encoding="UTF-8"?>
<testng-results ignored="3" total="7" passed="4" failed="0" skipped="0">
  <reporter-output>
  </reporter-output>
  <suite started-at="2023-05-10T17:42:25 IST" name="Default suite" finished-at="2023-05-10T17:42:34 IST" duration-ms="9412">
    <groups>
    </groups>
    <test started-at="2023-05-10T17:42:25 IST" name="Default test" finished-at="2023-05-10T17:42:34 IST" duration-ms="9412">
      <class name="GreenKart.Test.cart">
        <test-method is-config="true" signature="launchApplication()[pri:0, instance:GreenKart.Test.cart@437da279]" started-at="2023-05-10T17:42:25 IST" name="launchApplication" finished-at="2023-05-10T17:42:30 IST" duration-ms="5415" status="PASS">
          <reporter-output>
          </reporter-output>
        </test-method> <!-- launchApplication -->
        <test-method signature="itemCheck([Ljava.lang.String;)[pri:0, instance:GreenKart.Test.cart@437da279]" started-at="2023-05-10T17:42:30 IST" name="itemCheck" data-provider="getData" finished-at="2023-05-10T17:42:32 IST" duration-ms="1462" status="PASS">
          <params>
            <param index="0">
              <value>
                <![CDATA[[Ljava.lang.String;@7d44a19]]>
              </value>
            </param>
          </params>
          <reporter-output>
          </reporter-output>
        </test-method> <!-- itemCheck -->
        <test-method signature="itemCheck([Ljava.lang.String;)[pri:0, instance:GreenKart.Test.cart@437da279]" started-at="2023-05-10T17:42:32 IST" name="itemCheck" data-provider="getData" finished-at="2023-05-10T17:42:33 IST" duration-ms="1104" status="PASS">
          <params>
            <param index="0">
              <value>
                <![CDATA[[Ljava.lang.String;@698fee9a]]>
              </value>
            </param>
          </params>
          <reporter-output>
          </reporter-output>
        </test-method> <!-- itemCheck -->
        <test-method signature="countCheck([Ljava.lang.String;)[pri:0, instance:GreenKart.Test.cart@437da279]" started-at="2023-05-10T17:42:33 IST" name="countCheck" data-provider="getData" finished-at="2023-05-10T17:42:33 IST" depends-on-methods="GreenKart.Test.cart.itemCheck" duration-ms="571" status="PASS">
          <params>
            <param index="0">
              <value>
                <![CDATA[[Ljava.lang.String;@1fb2d5e]]>
              </value>
            </param>
          </params>
          <reporter-output>
          </reporter-output>
        </test-method> <!-- countCheck -->
        <test-method signature="countCheck([Ljava.lang.String;)[pri:0, instance:GreenKart.Test.cart@437da279]" started-at="2023-05-10T17:42:33 IST" name="countCheck" data-provider="getData" finished-at="2023-05-10T17:42:34 IST" depends-on-methods="GreenKart.Test.cart.itemCheck" duration-ms="782" status="PASS">
          <params>
            <param index="0">
              <value>
                <![CDATA[[Ljava.lang.String;@102c577f]]>
              </value>
            </param>
          </params>
          <reporter-output>
          </reporter-output>
        </test-method> <!-- countCheck -->
      </class> <!-- GreenKart.Test.cart -->
    </test> <!-- Default test -->
  </suite> <!-- Default suite -->
</testng-results>
